[2024-01-23T10:32:32.621] [ERROR] katalon - { message: 'connect ETIMEDOUT 3.209.155.10:443',
  name: 'Error',
  description: undefined,
  number: undefined,
  fileName: undefined,
  lineNumber: undefined,
  columnNumber: undefined,
  stack:
   'Error: connect ETIMEDOUT 3.209.155.10:443\n    at TCPConnectWrap.afterConnect [as oncomplete] (net.js:1107:14)',
  config:
   { transitional:
      { silentJSONParsing: true,
        forcedJSONParsing: true,
        clarifyTimeoutError: false },
     adapter: [Function: httpAdapter],
     transformRequest: [ [Function: transformRequest] ],
     transformResponse: [ [Function: transformResponse] ],
     timeout: 60000,
     xsrfCookieName: 'XSRF-TOKEN',
     xsrfHeaderName: 'X-XSRF-TOKEN',
     maxContentLength: -1,
     maxBodyLength: -1,
     env: { FormData: [Function] },
     validateStatus: [Function: validateStatus],
     headers:
      { Accept: 'application/json, text/plain, */*',
        Authorization: 'Basic OmRhMWUyMjhlLTM1MjItNDgzNC1iZTdkLTBiNDVmYjk0MmY3Yw==',
        'User-Agent': 'axios/0.27.2' },
     method: 'get',
     url: 'https://testops.katalon.io/info',
     params: {},
     data: null,
     proxy: null,
     httpsAgent:
      Agent {
        _events: [Object],
        _eventsCount: 1,
        _maxListeners: undefined,
        defaultPort: 443,
        protocol: 'https:',
        options: [Object],
        requests: {},
        sockets: [Object],
        freeSockets: {},
        keepAliveMsecs: 1000,
        keepAlive: true,
        maxSockets: Infinity,
        maxFreeSockets: 256,
        maxCachedSessions: 100,
        _sessionCache: [Object] } },
  code: 'ETIMEDOUT',
  status: null }
[2024-01-23T10:32:32.626] [ERROR] katalon - { message: 'connect ETIMEDOUT 3.209.155.10:443',
  name: 'Error',
  description: undefined,
  number: undefined,
  fileName: undefined,
  lineNumber: undefined,
  columnNumber: undefined,
  stack:
   'Error: connect ETIMEDOUT 3.209.155.10:443\n    at TCPConnectWrap.afterConnect [as oncomplete] (net.js:1107:14)',
  config:
   { transitional:
      { silentJSONParsing: true,
        forcedJSONParsing: true,
        clarifyTimeoutError: false },
     adapter: [Function: httpAdapter],
     transformRequest: [ [Function: transformRequest] ],
     transformResponse: [ [Function: transformResponse] ],
     timeout: 60000,
     xsrfCookieName: 'XSRF-TOKEN',
     xsrfHeaderName: 'X-XSRF-TOKEN',
     maxContentLength: -1,
     maxBodyLength: -1,
     env: { FormData: [Function] },
     validateStatus: [Function: validateStatus],
     headers:
      { Accept: 'application/json, text/plain, */*',
        Authorization: 'Basic OmRhMWUyMjhlLTM1MjItNDgzNC1iZTdkLTBiNDVmYjk0MmY3Yw==',
        'User-Agent': 'axios/0.27.2' },
     method: 'get',
     url: 'https://testops.katalon.io/info',
     params: {},
     data: null,
     proxy: null,
     httpsAgent:
      Agent {
        _events: [Object],
        _eventsCount: 1,
        _maxListeners: undefined,
        defaultPort: 443,
        protocol: 'https:',
        options: [Object],
        requests: {},
        sockets: [Object],
        freeSockets: {},
        keepAliveMsecs: 1000,
        keepAlive: true,
        maxSockets: Infinity,
        maxFreeSockets: 256,
        maxCachedSessions: 100,
        _sessionCache: [Object] } },
  code: 'ETIMEDOUT',
  status: null }
[2024-01-23T10:34:32.517] [ERROR] katalon - { message: 'connect ETIMEDOUT 34.235.42.225:443',
  name: 'Error',
  description: undefined,
  number: undefined,
  fileName: undefined,
  lineNumber: undefined,
  columnNumber: undefined,
  stack:
   'Error: connect ETIMEDOUT 34.235.42.225:443\n    at TCPConnectWrap.afterConnect [as oncomplete] (net.js:1107:14)',
  config:
   { transitional:
      { silentJSONParsing: true,
        forcedJSONParsing: true,
        clarifyTimeoutError: false },
     adapter: [Function: httpAdapter],
     transformRequest: [ [Function: transformRequest] ],
     transformResponse: [ [Function: transformResponse] ],
     timeout: 60000,
     xsrfCookieName: 'XSRF-TOKEN',
     xsrfHeaderName: 'X-XSRF-TOKEN',
     maxContentLength: -1,
     maxBodyLength: -1,
     env: { FormData: [Function] },
     validateStatus: [Function: validateStatus],
     headers:
      { Accept: 'application/json, text/plain, */*',
        Authorization: 'Basic OmRhMWUyMjhlLTM1MjItNDgzNC1iZTdkLTBiNDVmYjk0MmY3Yw==',
        'User-Agent': 'axios/0.27.2' },
     method: 'get',
     url: 'https://testops.katalon.io/api/v1/jobs/get-job',
     params:
      { uuid: '1705980724570-e46a80b6-b853-4e7d-82da-1faf92cd0220',
        organizationId: '1341703' },
     data: null,
     proxy: null,
     httpsAgent:
      Agent {
        _events: [Object],
        _eventsCount: 1,
        _maxListeners: undefined,
        defaultPort: 443,
        protocol: 'https:',
        options: [Object],
        requests: {},
        sockets: [Object],
        freeSockets: {},
        keepAliveMsecs: 1000,
        keepAlive: true,
        maxSockets: Infinity,
        maxFreeSockets: 256,
        maxCachedSessions: 100,
        _sessionCache: [Object] } },
  code: 'ETIMEDOUT',
  status: null }
[2024-01-23T10:34:32.522] [ERROR] katalon - { message: 'connect ETIMEDOUT 34.235.42.225:443',
  name: 'Error',
  description: undefined,
  number: undefined,
  fileName: undefined,
  lineNumber: undefined,
  columnNumber: undefined,
  stack:
   'Error: connect ETIMEDOUT 34.235.42.225:443\n    at TCPConnectWrap.afterConnect [as oncomplete] (net.js:1107:14)',
  config:
   { transitional:
      { silentJSONParsing: true,
        forcedJSONParsing: true,
        clarifyTimeoutError: false },
     adapter: [Function: httpAdapter],
     transformRequest: [ [Function: transformRequest] ],
     transformResponse: [ [Function: transformResponse] ],
     timeout: 60000,
     xsrfCookieName: 'XSRF-TOKEN',
     xsrfHeaderName: 'X-XSRF-TOKEN',
     maxContentLength: -1,
     maxBodyLength: -1,
     env: { FormData: [Function] },
     validateStatus: [Function: validateStatus],
     headers:
      { Accept: 'application/json, text/plain, */*',
        Authorization: 'Basic OmRhMWUyMjhlLTM1MjItNDgzNC1iZTdkLTBiNDVmYjk0MmY3Yw==',
        'User-Agent': 'axios/0.27.2' },
     method: 'get',
     url: 'https://testops.katalon.io/api/v1/jobs/get-job',
     params:
      { uuid: '1705980724570-e46a80b6-b853-4e7d-82da-1faf92cd0220',
        organizationId: '1341703' },
     data: null,
     proxy: null,
     httpsAgent:
      Agent {
        _events: [Object],
        _eventsCount: 1,
        _maxListeners: undefined,
        defaultPort: 443,
        protocol: 'https:',
        options: [Object],
        requests: {},
        sockets: [Object],
        freeSockets: {},
        keepAliveMsecs: 1000,
        keepAlive: true,
        maxSockets: Infinity,
        maxFreeSockets: 256,
        maxCachedSessions: 100,
        _sessionCache: [Object] } },
  code: 'ETIMEDOUT',
  status: null }
[2024-01-23T10:34:32.529] [ERROR] katalon - { message: 'connect ETIMEDOUT 34.235.42.225:443',
  name: 'Error',
  description: undefined,
  number: undefined,
  fileName: undefined,
  lineNumber: undefined,
  columnNumber: undefined,
  stack:
   'Error: connect ETIMEDOUT 34.235.42.225:443\n    at TCPConnectWrap.afterConnect [as oncomplete] (net.js:1107:14)',
  config:
   { transitional:
      { silentJSONParsing: true,
        forcedJSONParsing: true,
        clarifyTimeoutError: false },
     adapter: [Function: httpAdapter],
     transformRequest: [ [Function: transformRequest] ],
     transformResponse: [ [Function: transformResponse] ],
     timeout: 60000,
     xsrfCookieName: 'XSRF-TOKEN',
     xsrfHeaderName: 'X-XSRF-TOKEN',
     maxContentLength: -1,
     maxBodyLength: -1,
     env: { FormData: [Function] },
     validateStatus: [Function: validateStatus],
     headers:
      { Accept: 'application/json, text/plain, */*',
        'Content-Type': 'application/json',
        Authorization: 'Basic OmRhMWUyMjhlLTM1MjItNDgzNC1iZTdkLTBiNDVmYjk0MmY3Yw==',
        'User-Agent': 'axios/0.27.2',
        'Content-Length': 200 },
     method: 'post',
     url: 'https://testops.katalon.io/api/v1/agent',
     params: {},
     data:
      '{"uuid":"1705980724570-e46a80b6-b853-4e7d-82da-1faf92cd0220","name":"Agent Fitri","organizationId":"1341703","hostname":"DESKTOP-OBTCI7D","ip":"192.168.56.1","os":"Windows 64","agentVersion":"v2.0.1"}',
     proxy: null,
     httpsAgent:
      Agent {
        _events: [Object],
        _eventsCount: 1,
        _maxListeners: undefined,
        defaultPort: 443,
        protocol: 'https:',
        options: [Object],
        requests: {},
        sockets: [Object],
        freeSockets: {},
        keepAliveMsecs: 1000,
        keepAlive: true,
        maxSockets: Infinity,
        maxFreeSockets: 256,
        maxCachedSessions: 100,
        _sessionCache: [Object] } },
  code: 'ETIMEDOUT',
  status: null }
[2024-01-23T10:34:32.538] [ERROR] katalon - Cannot send agent info to server: { message: 'connect ETIMEDOUT 34.235.42.225:443',
  name: 'Error',
  description: undefined,
  number: undefined,
  fileName: undefined,
  lineNumber: undefined,
  columnNumber: undefined,
  stack:
   'Error: connect ETIMEDOUT 34.235.42.225:443\n    at TCPConnectWrap.afterConnect [as oncomplete] (net.js:1107:14)',
  config:
   { transitional:
      { silentJSONParsing: true,
        forcedJSONParsing: true,
        clarifyTimeoutError: false },
     adapter: [Function: httpAdapter],
     transformRequest: [ [Function: transformRequest] ],
     transformResponse: [ [Function: transformResponse] ],
     timeout: 60000,
     xsrfCookieName: 'XSRF-TOKEN',
     xsrfHeaderName: 'X-XSRF-TOKEN',
     maxContentLength: -1,
     maxBodyLength: -1,
     env: { FormData: [Function] },
     validateStatus: [Function: validateStatus],
     headers:
      { Accept: 'application/json, text/plain, */*',
        'Content-Type': 'application/json',
        Authorization: 'Basic OmRhMWUyMjhlLTM1MjItNDgzNC1iZTdkLTBiNDVmYjk0MmY3Yw==',
        'User-Agent': 'axios/0.27.2',
        'Content-Length': 200 },
     method: 'post',
     url: 'https://testops.katalon.io/api/v1/agent',
     params: {},
     data:
      '{"uuid":"1705980724570-e46a80b6-b853-4e7d-82da-1faf92cd0220","name":"Agent Fitri","organizationId":"1341703","hostname":"DESKTOP-OBTCI7D","ip":"192.168.56.1","os":"Windows 64","agentVersion":"v2.0.1"}',
     proxy: null,
     httpsAgent:
      Agent {
        _events: [Object],
        _eventsCount: 1,
        _maxListeners: undefined,
        defaultPort: 443,
        protocol: 'https:',
        options: [Object],
        requests: {},
        sockets: [Object],
        freeSockets: {},
        keepAliveMsecs: 1000,
        keepAlive: true,
        maxSockets: Infinity,
        maxFreeSockets: 256,
        maxCachedSessions: 100,
        _sessionCache: [Object] } },
  code: 'ETIMEDOUT',
  status: null }
[2024-01-23T10:35:32.531] [ERROR] katalon - { message: 'connect ETIMEDOUT 3.209.155.10:443',
  name: 'Error',
  description: undefined,
  number: undefined,
  fileName: undefined,
  lineNumber: undefined,
  columnNumber: undefined,
  stack:
   'Error: connect ETIMEDOUT 3.209.155.10:443\n    at TCPConnectWrap.afterConnect [as oncomplete] (net.js:1107:14)',
  config:
   { transitional:
      { silentJSONParsing: true,
        forcedJSONParsing: true,
        clarifyTimeoutError: false },
     adapter: [Function: httpAdapter],
     transformRequest: [ [Function: transformRequest] ],
     transformResponse: [ [Function: transformResponse] ],
     timeout: 60000,
     xsrfCookieName: 'XSRF-TOKEN',
     xsrfHeaderName: 'X-XSRF-TOKEN',
     maxContentLength: -1,
     maxBodyLength: -1,
     env: { FormData: [Function] },
     validateStatus: [Function: validateStatus],
     headers:
      { Accept: 'application/json, text/plain, */*',
        'Content-Type': 'application/json',
        Authorization: 'Basic OmRhMWUyMjhlLTM1MjItNDgzNC1iZTdkLTBiNDVmYjk0MmY3Yw==',
        'User-Agent': 'axios/0.27.2',
        'Content-Length': 200 },
     method: 'post',
     url: 'https://testops.katalon.io/api/v1/agent',
     params: {},
     data:
      '{"uuid":"1705980724570-e46a80b6-b853-4e7d-82da-1faf92cd0220","name":"Agent Fitri","organizationId":"1341703","hostname":"DESKTOP-OBTCI7D","ip":"192.168.56.1","os":"Windows 64","agentVersion":"v2.0.1"}',
     proxy: null,
     httpsAgent:
      Agent {
        _events: [Object],
        _eventsCount: 1,
        _maxListeners: undefined,
        defaultPort: 443,
        protocol: 'https:',
        options: [Object],
        requests: {},
        sockets: [Object],
        freeSockets: {},
        keepAliveMsecs: 1000,
        keepAlive: true,
        maxSockets: Infinity,
        maxFreeSockets: 256,
        maxCachedSessions: 100,
        _sessionCache: [Object] } },
  code: 'ETIMEDOUT',
  status: null }
[2024-01-23T10:35:32.533] [ERROR] katalon - Cannot send agent info to server: { message: 'connect ETIMEDOUT 3.209.155.10:443',
  name: 'Error',
  description: undefined,
  number: undefined,
  fileName: undefined,
  lineNumber: undefined,
  columnNumber: undefined,
  stack:
   'Error: connect ETIMEDOUT 3.209.155.10:443\n    at TCPConnectWrap.afterConnect [as oncomplete] (net.js:1107:14)',
  config:
   { transitional:
      { silentJSONParsing: true,
        forcedJSONParsing: true,
        clarifyTimeoutError: false },
     adapter: [Function: httpAdapter],
     transformRequest: [ [Function: transformRequest] ],
     transformResponse: [ [Function: transformResponse] ],
     timeout: 60000,
     xsrfCookieName: 'XSRF-TOKEN',
     xsrfHeaderName: 'X-XSRF-TOKEN',
     maxContentLength: -1,
     maxBodyLength: -1,
     env: { FormData: [Function] },
     validateStatus: [Function: validateStatus],
     headers:
      { Accept: 'application/json, text/plain, */*',
        'Content-Type': 'application/json',
        Authorization: 'Basic OmRhMWUyMjhlLTM1MjItNDgzNC1iZTdkLTBiNDVmYjk0MmY3Yw==',
        'User-Agent': 'axios/0.27.2',
        'Content-Length': 200 },
     method: 'post',
     url: 'https://testops.katalon.io/api/v1/agent',
     params: {},
     data:
      '{"uuid":"1705980724570-e46a80b6-b853-4e7d-82da-1faf92cd0220","name":"Agent Fitri","organizationId":"1341703","hostname":"DESKTOP-OBTCI7D","ip":"192.168.56.1","os":"Windows 64","agentVersion":"v2.0.1"}',
     proxy: null,
     httpsAgent:
      Agent {
        _events: [Object],
        _eventsCount: 1,
        _maxListeners: undefined,
        defaultPort: 443,
        protocol: 'https:',
        options: [Object],
        requests: {},
        sockets: [Object],
        freeSockets: {},
        keepAliveMsecs: 1000,
        keepAlive: true,
        maxSockets: Infinity,
        maxFreeSockets: 256,
        maxCachedSessions: 100,
        _sessionCache: [Object] } },
  code: 'ETIMEDOUT',
  status: null }
[2024-01-23T10:35:32.537] [ERROR] katalon - { message: 'connect ETIMEDOUT 3.209.155.10:443',
  name: 'Error',
  description: undefined,
  number: undefined,
  fileName: undefined,
  lineNumber: undefined,
  columnNumber: undefined,
  stack:
   'Error: connect ETIMEDOUT 3.209.155.10:443\n    at TCPConnectWrap.afterConnect [as oncomplete] (net.js:1107:14)',
  config:
   { transitional:
      { silentJSONParsing: true,
        forcedJSONParsing: true,
        clarifyTimeoutError: false },
     adapter: [Function: httpAdapter],
     transformRequest: [ [Function: transformRequest] ],
     transformResponse: [ [Function: transformResponse] ],
     timeout: 60000,
     xsrfCookieName: 'XSRF-TOKEN',
     xsrfHeaderName: 'X-XSRF-TOKEN',
     maxContentLength: -1,
     maxBodyLength: -1,
     env: { FormData: [Function] },
     validateStatus: [Function: validateStatus],
     headers:
      { Accept: 'application/json, text/plain, */*',
        Authorization: 'Basic OmRhMWUyMjhlLTM1MjItNDgzNC1iZTdkLTBiNDVmYjk0MmY3Yw==',
        'User-Agent': 'axios/0.27.2' },
     method: 'get',
     url: 'https://testops.katalon.io/api/v1/jobs/get-job',
     params:
      { uuid: '1705980724570-e46a80b6-b853-4e7d-82da-1faf92cd0220',
        organizationId: '1341703' },
     data: null,
     proxy: null,
     httpsAgent:
      Agent {
        _events: [Object],
        _eventsCount: 1,
        _maxListeners: undefined,
        defaultPort: 443,
        protocol: 'https:',
        options: [Object],
        requests: {},
        sockets: [Object],
        freeSockets: {},
        keepAliveMsecs: 1000,
        keepAlive: true,
        maxSockets: Infinity,
        maxFreeSockets: 256,
        maxCachedSessions: 100,
        _sessionCache: [Object] } },
  code: 'ETIMEDOUT',
  status: null }
[2024-01-23T10:35:32.540] [ERROR] katalon - { message: 'connect ETIMEDOUT 3.209.155.10:443',
  name: 'Error',
  description: undefined,
  number: undefined,
  fileName: undefined,
  lineNumber: undefined,
  columnNumber: undefined,
  stack:
   'Error: connect ETIMEDOUT 3.209.155.10:443\n    at TCPConnectWrap.afterConnect [as oncomplete] (net.js:1107:14)',
  config:
   { transitional:
      { silentJSONParsing: true,
        forcedJSONParsing: true,
        clarifyTimeoutError: false },
     adapter: [Function: httpAdapter],
     transformRequest: [ [Function: transformRequest] ],
     transformResponse: [ [Function: transformResponse] ],
     timeout: 60000,
     xsrfCookieName: 'XSRF-TOKEN',
     xsrfHeaderName: 'X-XSRF-TOKEN',
     maxContentLength: -1,
     maxBodyLength: -1,
     env: { FormData: [Function] },
     validateStatus: [Function: validateStatus],
     headers:
      { Accept: 'application/json, text/plain, */*',
        Authorization: 'Basic OmRhMWUyMjhlLTM1MjItNDgzNC1iZTdkLTBiNDVmYjk0MmY3Yw==',
        'User-Agent': 'axios/0.27.2' },
     method: 'get',
     url: 'https://testops.katalon.io/api/v1/jobs/get-job',
     params:
      { uuid: '1705980724570-e46a80b6-b853-4e7d-82da-1faf92cd0220',
        organizationId: '1341703' },
     data: null,
     proxy: null,
     httpsAgent:
      Agent {
        _events: [Object],
        _eventsCount: 1,
        _maxListeners: undefined,
        defaultPort: 443,
        protocol: 'https:',
        options: [Object],
        requests: {},
        sockets: [Object],
        freeSockets: {},
        keepAliveMsecs: 1000,
        keepAlive: true,
        maxSockets: Infinity,
        maxFreeSockets: 256,
        maxCachedSessions: 100,
        _sessionCache: [Object] } },
  code: 'ETIMEDOUT',
  status: null }
